[2016-11-17-10:57:36]-[INFO]-Connecting to server 121.42.57.216:9999 ...
[2016-11-17-10:57:36]-[INFO]-Connect to server 121.42.57.216:9999 succeed.
[2016-11-17-10:57:37]-[INFO]-Waitting for requst...
[2016-11-17-10:57:39]-[INFO]-Waitting timeout.
[2016-11-17-10:57:39]-[INFO]-Waitting for requst...
[2016-11-17-10:57:41]-[INFO]-Waitting timeout.
[2016-11-17-10:57:41]-[INFO]-Waitting for requst...
[2016-11-17-10:57:41]-[INFO]-Received request message from server.
[2016-11-17-10:57:41]-[INFO]-Start to send full data.
[2016-11-17-10:57:41]-[INFO]-Sending full data end.
[2016-11-17-10:57:41]-[INFO]-Waitting for requst...
[2016-11-17-10:57:43]-[INFO]-Waitting timeout.
[2016-11-17-10:57:43]-[INFO]-Waitting for requst...
[2016-11-17-10:57:45]-[INFO]-Waitting timeout.
[2016-11-17-10:57:45]-[INFO]-Waitting for requst...
[2016-11-17-10:57:46]-[INFO]-Received request message from server.
[2016-11-17-10:57:46]-[INFO]-Start to send full data.
[2016-11-17-10:57:46]-[INFO]-Sending full data end.
[2016-11-17-10:57:46]-[INFO]-Waitting for requst...
[2016-11-17-10:57:48]-[INFO]-Waitting timeout.
[2016-11-17-10:57:48]-[INFO]-Waitting for requst...
[2016-11-17-10:57:50]-[INFO]-Waitting timeout.
[2016-11-17-10:57:50]-[INFO]-Waitting for requst...
[2016-11-17-10:57:51]-[INFO]-Received request message from server.
[2016-11-17-10:57:51]-[INFO]-Start to send full data.
[2016-11-17-10:57:51]-[INFO]-Sending full data end.
[2016-11-17-10:57:51]-[INFO]-Waitting for requst...
[2016-11-17-10:57:53]-[INFO]-Waitting timeout.
[2016-11-17-10:57:53]-[INFO]-Waitting for requst...
[2016-11-17-10:57:55]-[INFO]-Waitting timeout.
[2016-11-17-10:57:55]-[INFO]-Waitting for requst...
[2016-11-17-10:57:56]-[INFO]-Received request message from server.
[2016-11-17-10:57:56]-[INFO]-Start to send full data.
[2016-11-17-10:57:56]-[INFO]-Sending full data end.
[2016-11-17-10:57:56]-[INFO]-Waitting for requst...
[2016-11-17-10:57:58]-[INFO]-Waitting timeout.
[2016-11-17-10:57:58]-[INFO]-Waitting for requst...
[2016-11-17-10:58:00]-[INFO]-Waitting timeout.
[2016-11-17-10:58:00]-[INFO]-Waitting for requst...
[2016-11-17-10:59:36]-[INFO]-Connecting to server 121.42.57.216:9999 ...
[2016-11-17-10:59:36]-[INFO]-Connect to server 121.42.57.216:9999 succeed.
[2016-11-17-10:59:37]-[INFO]-Waitting for requst...
[2016-11-17-10:59:39]-[INFO]-Waitting timeout.
[2016-11-17-10:59:39]-[INFO]-Waitting for requst...
[2016-11-17-10:59:41]-[INFO]-Waitting timeout.
[2016-11-17-10:59:41]-[INFO]-Waitting for requst...
[2016-11-17-10:59:41]-[INFO]-Received request message from server.
[2016-11-17-10:59:41]-[INFO]-Start to send full data.
[2016-11-17-10:59:41]-[INFO]-Sending full data end.
[2016-11-17-10:59:41]-[INFO]-Waitting for requst...
[2016-11-17-10:59:43]-[INFO]-Waitting timeout.
[2016-11-17-10:59:43]-[INFO]-Waitting for requst...
